mode: set
github.com/kqlyyy/morse-decoder/lab1.go:10.56,12.25 2 0
github.com/kqlyyy/morse-decoder/lab1.go:17.2,17.12 1 0
github.com/kqlyyy/morse-decoder/lab1.go:12.25,13.39 1 0
github.com/kqlyyy/morse-decoder/lab1.go:13.39,15.4 1 0
github.com/kqlyyy/morse-decoder/lab1.go:19.45,21.33 2 1
github.com/kqlyyy/morse-decoder/lab1.go:28.2,28.31 1 1
github.com/kqlyyy/morse-decoder/lab1.go:21.33,22.18 1 1
github.com/kqlyyy/morse-decoder/lab1.go:22.18,24.4 1 1
github.com/kqlyyy/morse-decoder/lab1.go:24.4,26.4 1 1
github.com/kqlyyy/morse-decoder/lab1.go:30.56,32.22 2 1
github.com/kqlyyy/morse-decoder/lab1.go:36.2,36.12 1 1
github.com/kqlyyy/morse-decoder/lab1.go:32.22,35.3 2 1
github.com/kqlyyy/morse-decoder/lab1.go:48.21,49.17 1 1
github.com/kqlyyy/morse-decoder/lab1.go:49.17,50.17 1 0
github.com/kqlyyy/morse-decoder/lab1.go:53.32,57.2 3 1
github.com/kqlyyy/morse-decoder/lab1.go:58.33,61.2 2 1
github.com/kqlyyy/morse-decoder/lab1.go:62.49,64.33 2 1
github.com/kqlyyy/morse-decoder/lab1.go:71.2,71.23 1 1
github.com/kqlyyy/morse-decoder/lab1.go:64.33,65.22 1 1
github.com/kqlyyy/morse-decoder/lab1.go:65.22,67.4 1 1
github.com/kqlyyy/morse-decoder/lab1.go:67.4,69.4 1 1
github.com/kqlyyy/morse-decoder/lab1.go:73.95,74.32 1 1
github.com/kqlyyy/morse-decoder/lab1.go:77.2,77.13 1 1
github.com/kqlyyy/morse-decoder/lab1.go:82.2,82.13 1 1
github.com/kqlyyy/morse-decoder/lab1.go:74.32,76.3 1 1
github.com/kqlyyy/morse-decoder/lab1.go:77.13,79.3 1 1
github.com/kqlyyy/morse-decoder/lab1.go:79.3,81.3 1 1
github.com/kqlyyy/morse-decoder/lab1.go:84.57,86.23 2 1
github.com/kqlyyy/morse-decoder/lab1.go:94.2,94.13 1 0
github.com/kqlyyy/morse-decoder/lab1.go:86.23,89.20 3 1
github.com/kqlyyy/morse-decoder/lab1.go:92.3,92.52 1 1
github.com/kqlyyy/morse-decoder/lab1.go:89.20,91.4 1 1
github.com/kqlyyy/morse-decoder/lab1.go:96.78,98.13 2 0
github.com/kqlyyy/morse-decoder/lab1.go:103.2,105.46 3 0
github.com/kqlyyy/morse-decoder/lab1.go:98.13,100.3 1 0
github.com/kqlyyy/morse-decoder/lab1.go:100.3,102.3 1 0
github.com/kqlyyy/morse-decoder/lab1.go:114.14,117.2 1 0
